[debug] [2020-10-05T14:25:23.915Z] ----------------------------------------------------------------------
[debug] [2020-10-05T14:25:23.917Z] Command:       C:\Program Files\nodejs\node.exe C:\Users\Randika\AppData\Roaming\npm\node_modules\firebase-tools\lib\bin\firebase.js emulators:start --only functions
[debug] [2020-10-05T14:25:23.917Z] CLI Version:   8.11.0
[debug] [2020-10-05T14:25:23.917Z] Platform:      win32
[debug] [2020-10-05T14:25:23.917Z] Node Version:  v12.18.3
[debug] [2020-10-05T14:25:23.919Z] Time:          Mon Oct 05 2020 19:55:23 GMT+0530 (India Standard Time)
[debug] [2020-10-05T14:25:23.919Z] ----------------------------------------------------------------------
[debug] [2020-10-05T14:25:23.919Z] 
[debug] [2020-10-05T14:25:23.927Z] > command requires scopes: ["email","openid","https://www.googleapis.com/auth/cloudplatformprojects.readonly","https://www.googleapis.com/auth/firebase","https://www.googleapis.com/auth/cloud-platform"]
[debug] [2020-10-05T14:25:23.928Z] > authorizing via signed-in user
[info] i  emulators: Starting emulators: functions {"metadata":{"emulator":{"name":"hub"},"message":"Starting emulators: functions"}}
[debug] [2020-10-05T14:25:25.952Z] [hub] writing locator at C:\Users\Randika\AppData\Local\Temp\hub-clone-23a9e.json
[warn] !  functions: The following emulators are not running, calls to these services from the Functions emulator will affect production: auth, firestore, database, hosting, pubsub {"metadata":{"emulator":{"name":"functions"},"message":"The following emulators are not running, calls to these services from the Functions emulator will affect production: \u001b[1mauth, firestore, database, hosting, pubsub\u001b[22m"}}
[warn] !  Your requested "node" version "10" doesn't match your global version "12" {"metadata":{"emulator":{"name":"functions"},"message":"Your requested \"node\" version \"10\" doesn't match your global version \"12\""}}
[debug] [2020-10-05T14:25:27.987Z] defaultcredentials: writing to file C:\Users\Randika\AppData\Roaming\firebase\subash_rodrigo_gmail.com_application_default_credentials.json
[debug] [2020-10-05T14:25:27.989Z] Setting GAC to C:\Users\Randika\AppData\Roaming\firebase\subash_rodrigo_gmail.com_application_default_credentials.json {"metadata":{"emulator":{"name":"functions"},"message":"Setting GAC to C:\\Users\\Randika\\AppData\\Roaming\\firebase\\subash_rodrigo_gmail.com_application_default_credentials.json"}}
[debug] [2020-10-05T14:25:32.043Z] Ignoring unsupported arg: auto_download {"metadata":{"emulator":{"name":"ui"},"message":"Ignoring unsupported arg: auto_download"}}
[debug] [2020-10-05T14:25:32.043Z] Ignoring unsupported arg: port {"metadata":{"emulator":{"name":"ui"},"message":"Ignoring unsupported arg: port"}}
[debug] [2020-10-05T14:25:32.043Z] Starting Emulator UI with command {"binary":"node","args":["C:\\Users\\Randika\\.cache\\firebase\\emulators\\ui-v1.1.1\\server.bundle.js"],"optionalArgs":[],"joinArgs":false} {"metadata":{"emulator":{"name":"ui"},"message":"Starting Emulator UI with command {\"binary\":\"node\",\"args\":[\"C:\\\\Users\\\\Randika\\\\.cache\\\\firebase\\\\emulators\\\\ui-v1.1.1\\\\server.bundle.js\"],\"optionalArgs\":[],\"joinArgs\":false}"}}
[info] i  ui: Emulator UI logging to ui-debug.log {"metadata":{"emulator":{"name":"ui"},"message":"Emulator UI logging to \u001b[1mui-debug.log\u001b[22m"}}
[debug] [2020-10-05T14:25:32.175Z] Web / API server started at http://localhost:4000
 {"metadata":{"emulator":{"name":"ui"},"message":"Web / API server started at http://localhost:4000\n"}}
[info] i  functions: Watching "C:\My Workspace\Personal Projects\React Practice\Clever Programmer\amazon-clone\functions" for Cloud Functions... {"metadata":{"emulator":{"name":"functions"},"message":"Watching \"C:\\My Workspace\\Personal Projects\\React Practice\\Clever Programmer\\amazon-clone\\functions\" for Cloud Functions..."}}
[debug] [2020-10-05T14:25:32.596Z] [worker-pool] addWorker(~diagnostic~) {"metadata":{"emulator":{"name":"functions"},"message":"[worker-pool] addWorker(~diagnostic~)"}}
[debug] [2020-10-05T14:25:32.596Z] [worker-pool] Adding worker with key ~diagnostic~, total=1 {"metadata":{"emulator":{"name":"functions"},"message":"[worker-pool] Adding worker with key ~diagnostic~, total=1"}}
[debug] [2020-10-05T14:25:32.596Z] [worker-pool] submitWork(triggerId=) {"metadata":{"emulator":{"name":"functions"},"message":"[worker-pool] submitWork(triggerId=)"}}
[debug] [2020-10-05T14:25:32.596Z] [worker-~diagnostic~-5235838f-1065-47e9-9856-0da184428927]: Assigning socketPath: \\?\pipe\C:\My Workspace\Personal Projects\React Practice\Clever Programmer\amazon-clone\functions\2692 {"metadata":{"emulator":{"name":"functions"},"message":"[worker-~diagnostic~-5235838f-1065-47e9-9856-0da184428927]: Assigning socketPath: \\\\?\\pipe\\C:\\My Workspace\\Personal Projects\\React Practice\\Clever Programmer\\amazon-clone\\functions\\2692"}}
[debug] [2020-10-05T14:25:32.597Z] [worker-~diagnostic~-5235838f-1065-47e9-9856-0da184428927]: BUSY {"metadata":{"emulator":{"name":"functions"},"message":"[worker-~diagnostic~-5235838f-1065-47e9-9856-0da184428927]: BUSY"}}
[debug] [2020-10-05T14:25:33.054Z] [runtime-status] [2692] Functions runtime initialized. {"cwd":"C:\\My Workspace\\Personal Projects\\React Practice\\Clever Programmer\\amazon-clone\\functions","node_version":"12.18.3"} {"metadata":{"emulator":{"name":"functions"},"message":"[runtime-status] [2692] Functions runtime initialized. {\"cwd\":\"C:\\\\My Workspace\\\\Personal Projects\\\\React Practice\\\\Clever Programmer\\\\amazon-clone\\\\functions\",\"node_version\":\"12.18.3\"}"}}
[debug] [2020-10-05T14:25:33.055Z] [runtime-status] [2692] Disabled runtime features: undefined {"metadata":{"emulator":{"name":"functions"},"message":"[runtime-status] [2692] Disabled runtime features: undefined"}}
[debug] [2020-10-05T14:25:33.060Z] [runtime-status] [2692] Resolved module firebase-admin {"declared":true,"installed":true,"version":"8.13.0","resolution":"C:\\My Workspace\\Personal Projects\\React Practice\\Clever Programmer\\amazon-clone\\functions\\node_modules\\firebase-admin\\lib\\index.js"} {"metadata":{"emulator":{"name":"functions"},"message":"[runtime-status] [2692] Resolved module firebase-admin {\"declared\":true,\"installed\":true,\"version\":\"8.13.0\",\"resolution\":\"C:\\\\My Workspace\\\\Personal Projects\\\\React Practice\\\\Clever Programmer\\\\amazon-clone\\\\functions\\\\node_modules\\\\firebase-admin\\\\lib\\\\index.js\"}"}}
[debug] [2020-10-05T14:25:33.062Z] [runtime-status] [2692] Resolved module firebase-functions {"declared":true,"installed":true,"version":"3.11.0","resolution":"C:\\My Workspace\\Personal Projects\\React Practice\\Clever Programmer\\amazon-clone\\functions\\node_modules\\firebase-functions\\lib\\index.js"} {"metadata":{"emulator":{"name":"functions"},"message":"[runtime-status] [2692] Resolved module firebase-functions {\"declared\":true,\"installed\":true,\"version\":\"3.11.0\",\"resolution\":\"C:\\\\My Workspace\\\\Personal Projects\\\\React Practice\\\\Clever Programmer\\\\amazon-clone\\\\functions\\\\node_modules\\\\firebase-functions\\\\lib\\\\index.js\"}"}}
[debug] [2020-10-05T14:25:33.063Z] [runtime-status] [2692] Resolved module firebase-functions {"declared":true,"installed":true,"version":"3.11.0","resolution":"C:\\My Workspace\\Personal Projects\\React Practice\\Clever Programmer\\amazon-clone\\functions\\node_modules\\firebase-functions\\lib\\index.js"} {"metadata":{"emulator":{"name":"functions"},"message":"[runtime-status] [2692] Resolved module firebase-functions {\"declared\":true,\"installed\":true,\"version\":\"3.11.0\",\"resolution\":\"C:\\\\My Workspace\\\\Personal Projects\\\\React Practice\\\\Clever Programmer\\\\amazon-clone\\\\functions\\\\node_modules\\\\firebase-functions\\\\lib\\\\index.js\"}"}}
[debug] [2020-10-05T14:25:33.064Z] [runtime-status] [2692] Outgoing network have been stubbed. [{"name":"http","status":"mocked"},{"name":"http","status":"mocked"},{"name":"https","status":"mocked"},{"name":"https","status":"mocked"},{"name":"net","status":"mocked"}] {"metadata":{"emulator":{"name":"functions"},"message":"[runtime-status] [2692] Outgoing network have been stubbed. [{\"name\":\"http\",\"status\":\"mocked\"},{\"name\":\"http\",\"status\":\"mocked\"},{\"name\":\"https\",\"status\":\"mocked\"},{\"name\":\"https\",\"status\":\"mocked\"},{\"name\":\"net\",\"status\":\"mocked\"}]"}}
[debug] [2020-10-05T14:25:33.065Z] [runtime-status] [2692] Resolved module firebase-functions {"declared":true,"installed":true,"version":"3.11.0","resolution":"C:\\My Workspace\\Personal Projects\\React Practice\\Clever Programmer\\amazon-clone\\functions\\node_modules\\firebase-functions\\lib\\index.js"} {"metadata":{"emulator":{"name":"functions"},"message":"[runtime-status] [2692] Resolved module firebase-functions {\"declared\":true,\"installed\":true,\"version\":\"3.11.0\",\"resolution\":\"C:\\\\My Workspace\\\\Personal Projects\\\\React Practice\\\\Clever Programmer\\\\amazon-clone\\\\functions\\\\node_modules\\\\firebase-functions\\\\lib\\\\index.js\"}"}}
[debug] [2020-10-05T14:25:33.109Z] [runtime-status] [2692] Checked functions.config() {"config":{}} {"metadata":{"emulator":{"name":"functions"},"message":"[runtime-status] [2692] Checked functions.config() {\"config\":{}}"}}
[debug] [2020-10-05T14:25:33.110Z] [runtime-status] [2692] firebase-functions has been stubbed. {"functionsResolution":{"declared":true,"installed":true,"version":"3.11.0","resolution":"C:\\My Workspace\\Personal Projects\\React Practice\\Clever Programmer\\amazon-clone\\functions\\node_modules\\firebase-functions\\lib\\index.js"}} {"metadata":{"emulator":{"name":"functions"},"message":"[runtime-status] [2692] firebase-functions has been stubbed. {\"functionsResolution\":{\"declared\":true,\"installed\":true,\"version\":\"3.11.0\",\"resolution\":\"C:\\\\My Workspace\\\\Personal Projects\\\\React Practice\\\\Clever Programmer\\\\amazon-clone\\\\functions\\\\node_modules\\\\firebase-functions\\\\lib\\\\index.js\"}}"}}
[debug] [2020-10-05T14:25:33.110Z] [runtime-status] [2692] Resolved module firebase-functions {"declared":true,"installed":true,"version":"3.11.0","resolution":"C:\\My Workspace\\Personal Projects\\React Practice\\Clever Programmer\\amazon-clone\\functions\\node_modules\\firebase-functions\\lib\\index.js"} {"metadata":{"emulator":{"name":"functions"},"message":"[runtime-status] [2692] Resolved module firebase-functions {\"declared\":true,\"installed\":true,\"version\":\"3.11.0\",\"resolution\":\"C:\\\\My Workspace\\\\Personal Projects\\\\React Practice\\\\Clever Programmer\\\\amazon-clone\\\\functions\\\\node_modules\\\\firebase-functions\\\\lib\\\\index.js\"}"}}
[debug] [2020-10-05T14:25:33.111Z] [runtime-status] [2692] Resolved module firebase-admin {"declared":true,"installed":true,"version":"8.13.0","resolution":"C:\\My Workspace\\Personal Projects\\React Practice\\Clever Programmer\\amazon-clone\\functions\\node_modules\\firebase-admin\\lib\\index.js"} {"metadata":{"emulator":{"name":"functions"},"message":"[runtime-status] [2692] Resolved module firebase-admin {\"declared\":true,\"installed\":true,\"version\":\"8.13.0\",\"resolution\":\"C:\\\\My Workspace\\\\Personal Projects\\\\React Practice\\\\Clever Programmer\\\\amazon-clone\\\\functions\\\\node_modules\\\\firebase-admin\\\\lib\\\\index.js\"}"}}
[debug] [2020-10-05T14:25:33.112Z] [runtime-status] [2692] Resolved module firebase-functions {"declared":true,"installed":true,"version":"3.11.0","resolution":"C:\\My Workspace\\Personal Projects\\React Practice\\Clever Programmer\\amazon-clone\\functions\\node_modules\\firebase-functions\\lib\\index.js"} {"metadata":{"emulator":{"name":"functions"},"message":"[runtime-status] [2692] Resolved module firebase-functions {\"declared\":true,\"installed\":true,\"version\":\"3.11.0\",\"resolution\":\"C:\\\\My Workspace\\\\Personal Projects\\\\React Practice\\\\Clever Programmer\\\\amazon-clone\\\\functions\\\\node_modules\\\\firebase-functions\\\\lib\\\\index.js\"}"}}
[debug] [2020-10-05T14:25:33.112Z] [runtime-status] [2692] firebase-admin has been stubbed. {"adminResolution":{"declared":true,"installed":true,"version":"8.13.0","resolution":"C:\\My Workspace\\Personal Projects\\React Practice\\Clever Programmer\\amazon-clone\\functions\\node_modules\\firebase-admin\\lib\\index.js"}} {"metadata":{"emulator":{"name":"functions"},"message":"[runtime-status] [2692] firebase-admin has been stubbed. {\"adminResolution\":{\"declared\":true,\"installed\":true,\"version\":\"8.13.0\",\"resolution\":\"C:\\\\My Workspace\\\\Personal Projects\\\\React Practice\\\\Clever Programmer\\\\amazon-clone\\\\functions\\\\node_modules\\\\firebase-admin\\\\lib\\\\index.js\"}}"}}
[info] +  functions[api]: http function initialized (http://localhost:5001/clone-23a9e/us-central1/api). {"metadata":{"emulator":{"name":"functions"},"message":"\u001b[1mhttp\u001b[22m function initialized (http://localhost:5001/clone-23a9e/us-central1/api)."}}
[info] 
┌───────────────────────────────────────────────────────────────────────┐
│ ✔  All emulators ready! View status and logs at http://localhost:4000 │
└───────────────────────────────────────────────────────────────────────┘

┌───────────┬────────────────┬─────────────────────────────────┐
│ Emulator  │ Host:Port      │ View in Emulator UI             │
├───────────┼────────────────┼─────────────────────────────────┤
│ Functions │ localhost:5001 │ http://localhost:4000/functions │
└───────────┴────────────────┴─────────────────────────────────┘
  Other reserved ports: 4400, 4500

Issues? Report them at https://github.com/firebase/firebase-tools/issues and attach the *-debug.log files.
 
[debug] [2020-10-05T14:25:33.297Z] [worker-~diagnostic~-5235838f-1065-47e9-9856-0da184428927]: IDLE {"metadata":{"emulator":{"name":"functions"},"message":"[worker-~diagnostic~-5235838f-1065-47e9-9856-0da184428927]: IDLE"}}
[debug] [2020-10-05T15:08:08.393Z] [work-queue] {"queueLength":1,"workRunningCount":0}
[debug] [2020-10-05T15:08:08.393Z] [work-queue] {"queueLength":0,"workRunningCount":1}
[debug] [2020-10-05T15:08:08.393Z] Accepted request OPTIONS /clone-23a9e/us-central1/api/payments/create?total=159172 --> api
[debug] [2020-10-05T15:08:08.401Z] [worker-pool] addWorker(api) {"metadata":{"emulator":{"name":"functions"},"message":"[worker-pool] addWorker(api)"}}
[debug] [2020-10-05T15:08:08.402Z] [worker-pool] Adding worker with key api, total=1 {"metadata":{"emulator":{"name":"functions"},"message":"[worker-pool] Adding worker with key api, total=1"}}
[debug] [2020-10-05T15:08:08.402Z] [worker-pool] submitWork(triggerId=api) {"metadata":{"emulator":{"name":"functions"},"message":"[worker-pool] submitWork(triggerId=api)"}}
[debug] [2020-10-05T15:08:08.402Z] [worker-api-98aba363-782e-45be-a92b-39fe1610c07d]: Assigning socketPath: \\?\pipe\C:\My Workspace\Personal Projects\React Practice\Clever Programmer\amazon-clone\functions\29632 {"metadata":{"emulator":{"name":"functions"},"message":"[worker-api-98aba363-782e-45be-a92b-39fe1610c07d]: Assigning socketPath: \\\\?\\pipe\\C:\\My Workspace\\Personal Projects\\React Practice\\Clever Programmer\\amazon-clone\\functions\\29632"}}
[debug] [2020-10-05T15:08:08.402Z] [worker-api-98aba363-782e-45be-a92b-39fe1610c07d]: BUSY {"metadata":{"emulator":{"name":"functions"},"message":"[worker-api-98aba363-782e-45be-a92b-39fe1610c07d]: BUSY"}}
[debug] [2020-10-05T15:08:08.839Z] [runtime-status] [29632] Functions runtime initialized. {"cwd":"C:\\My Workspace\\Personal Projects\\React Practice\\Clever Programmer\\amazon-clone\\functions","node_version":"12.18.3"} {"metadata":{"emulator":{"name":"functions"},"function":{"name":"api"},"message":"[runtime-status] [29632] Functions runtime initialized. {\"cwd\":\"C:\\\\My Workspace\\\\Personal Projects\\\\React Practice\\\\Clever Programmer\\\\amazon-clone\\\\functions\",\"node_version\":\"12.18.3\"}"}}
[debug] [2020-10-05T15:08:08.841Z] [runtime-status] [29632] Disabled runtime features: undefined {"metadata":{"emulator":{"name":"functions"},"function":{"name":"api"},"message":"[runtime-status] [29632] Disabled runtime features: undefined"}}
[debug] [2020-10-05T15:08:08.846Z] [runtime-status] [29632] Resolved module firebase-admin {"declared":true,"installed":true,"version":"8.13.0","resolution":"C:\\My Workspace\\Personal Projects\\React Practice\\Clever Programmer\\amazon-clone\\functions\\node_modules\\firebase-admin\\lib\\index.js"} {"metadata":{"emulator":{"name":"functions"},"function":{"name":"api"},"message":"[runtime-status] [29632] Resolved module firebase-admin {\"declared\":true,\"installed\":true,\"version\":\"8.13.0\",\"resolution\":\"C:\\\\My Workspace\\\\Personal Projects\\\\React Practice\\\\Clever Programmer\\\\amazon-clone\\\\functions\\\\node_modules\\\\firebase-admin\\\\lib\\\\index.js\"}"}}
[debug] [2020-10-05T15:08:08.848Z] [runtime-status] [29632] Resolved module firebase-functions {"declared":true,"installed":true,"version":"3.11.0","resolution":"C:\\My Workspace\\Personal Projects\\React Practice\\Clever Programmer\\amazon-clone\\functions\\node_modules\\firebase-functions\\lib\\index.js"} {"metadata":{"emulator":{"name":"functions"},"function":{"name":"api"},"message":"[runtime-status] [29632] Resolved module firebase-functions {\"declared\":true,\"installed\":true,\"version\":\"3.11.0\",\"resolution\":\"C:\\\\My Workspace\\\\Personal Projects\\\\React Practice\\\\Clever Programmer\\\\amazon-clone\\\\functions\\\\node_modules\\\\firebase-functions\\\\lib\\\\index.js\"}"}}
[debug] [2020-10-05T15:08:08.849Z] [runtime-status] [29632] Resolved module firebase-functions {"declared":true,"installed":true,"version":"3.11.0","resolution":"C:\\My Workspace\\Personal Projects\\React Practice\\Clever Programmer\\amazon-clone\\functions\\node_modules\\firebase-functions\\lib\\index.js"} {"metadata":{"emulator":{"name":"functions"},"function":{"name":"api"},"message":"[runtime-status] [29632] Resolved module firebase-functions {\"declared\":true,\"installed\":true,\"version\":\"3.11.0\",\"resolution\":\"C:\\\\My Workspace\\\\Personal Projects\\\\React Practice\\\\Clever Programmer\\\\amazon-clone\\\\functions\\\\node_modules\\\\firebase-functions\\\\lib\\\\index.js\"}"}}
[debug] [2020-10-05T15:08:08.850Z] [runtime-status] [29632] Outgoing network have been stubbed. [{"name":"http","status":"mocked"},{"name":"http","status":"mocked"},{"name":"https","status":"mocked"},{"name":"https","status":"mocked"},{"name":"net","status":"mocked"}] {"metadata":{"emulator":{"name":"functions"},"function":{"name":"api"},"message":"[runtime-status] [29632] Outgoing network have been stubbed. [{\"name\":\"http\",\"status\":\"mocked\"},{\"name\":\"http\",\"status\":\"mocked\"},{\"name\":\"https\",\"status\":\"mocked\"},{\"name\":\"https\",\"status\":\"mocked\"},{\"name\":\"net\",\"status\":\"mocked\"}]"}}
[debug] [2020-10-05T15:08:08.850Z] [runtime-status] [29632] Resolved module firebase-functions {"declared":true,"installed":true,"version":"3.11.0","resolution":"C:\\My Workspace\\Personal Projects\\React Practice\\Clever Programmer\\amazon-clone\\functions\\node_modules\\firebase-functions\\lib\\index.js"} {"metadata":{"emulator":{"name":"functions"},"function":{"name":"api"},"message":"[runtime-status] [29632] Resolved module firebase-functions {\"declared\":true,\"installed\":true,\"version\":\"3.11.0\",\"resolution\":\"C:\\\\My Workspace\\\\Personal Projects\\\\React Practice\\\\Clever Programmer\\\\amazon-clone\\\\functions\\\\node_modules\\\\firebase-functions\\\\lib\\\\index.js\"}"}}
[debug] [2020-10-05T15:08:08.892Z] [runtime-status] [29632] Checked functions.config() {"config":{}} {"metadata":{"emulator":{"name":"functions"},"function":{"name":"api"},"message":"[runtime-status] [29632] Checked functions.config() {\"config\":{}}"}}
[debug] [2020-10-05T15:08:08.892Z] [runtime-status] [29632] firebase-functions has been stubbed. {"functionsResolution":{"declared":true,"installed":true,"version":"3.11.0","resolution":"C:\\My Workspace\\Personal Projects\\React Practice\\Clever Programmer\\amazon-clone\\functions\\node_modules\\firebase-functions\\lib\\index.js"}} {"metadata":{"emulator":{"name":"functions"},"function":{"name":"api"},"message":"[runtime-status] [29632] firebase-functions has been stubbed. {\"functionsResolution\":{\"declared\":true,\"installed\":true,\"version\":\"3.11.0\",\"resolution\":\"C:\\\\My Workspace\\\\Personal Projects\\\\React Practice\\\\Clever Programmer\\\\amazon-clone\\\\functions\\\\node_modules\\\\firebase-functions\\\\lib\\\\index.js\"}}"}}
[debug] [2020-10-05T15:08:08.892Z] [runtime-status] [29632] Resolved module firebase-functions {"declared":true,"installed":true,"version":"3.11.0","resolution":"C:\\My Workspace\\Personal Projects\\React Practice\\Clever Programmer\\amazon-clone\\functions\\node_modules\\firebase-functions\\lib\\index.js"} {"metadata":{"emulator":{"name":"functions"},"function":{"name":"api"},"message":"[runtime-status] [29632] Resolved module firebase-functions {\"declared\":true,\"installed\":true,\"version\":\"3.11.0\",\"resolution\":\"C:\\\\My Workspace\\\\Personal Projects\\\\React Practice\\\\Clever Programmer\\\\amazon-clone\\\\functions\\\\node_modules\\\\firebase-functions\\\\lib\\\\index.js\"}"}}
[debug] [2020-10-05T15:08:08.894Z] [runtime-status] [29632] Resolved module firebase-admin {"declared":true,"installed":true,"version":"8.13.0","resolution":"C:\\My Workspace\\Personal Projects\\React Practice\\Clever Programmer\\amazon-clone\\functions\\node_modules\\firebase-admin\\lib\\index.js"} {"metadata":{"emulator":{"name":"functions"},"function":{"name":"api"},"message":"[runtime-status] [29632] Resolved module firebase-admin {\"declared\":true,\"installed\":true,\"version\":\"8.13.0\",\"resolution\":\"C:\\\\My Workspace\\\\Personal Projects\\\\React Practice\\\\Clever Programmer\\\\amazon-clone\\\\functions\\\\node_modules\\\\firebase-admin\\\\lib\\\\index.js\"}"}}
[debug] [2020-10-05T15:08:08.894Z] [runtime-status] [29632] Resolved module firebase-functions {"declared":true,"installed":true,"version":"3.11.0","resolution":"C:\\My Workspace\\Personal Projects\\React Practice\\Clever Programmer\\amazon-clone\\functions\\node_modules\\firebase-functions\\lib\\index.js"} {"metadata":{"emulator":{"name":"functions"},"function":{"name":"api"},"message":"[runtime-status] [29632] Resolved module firebase-functions {\"declared\":true,\"installed\":true,\"version\":\"3.11.0\",\"resolution\":\"C:\\\\My Workspace\\\\Personal Projects\\\\React Practice\\\\Clever Programmer\\\\amazon-clone\\\\functions\\\\node_modules\\\\firebase-functions\\\\lib\\\\index.js\"}"}}
[debug] [2020-10-05T15:08:08.894Z] [runtime-status] [29632] firebase-admin has been stubbed. {"adminResolution":{"declared":true,"installed":true,"version":"8.13.0","resolution":"C:\\My Workspace\\Personal Projects\\React Practice\\Clever Programmer\\amazon-clone\\functions\\node_modules\\firebase-admin\\lib\\index.js"}} {"metadata":{"emulator":{"name":"functions"},"function":{"name":"api"},"message":"[runtime-status] [29632] firebase-admin has been stubbed. {\"adminResolution\":{\"declared\":true,\"installed\":true,\"version\":\"8.13.0\",\"resolution\":\"C:\\\\My Workspace\\\\Personal Projects\\\\React Practice\\\\Clever Programmer\\\\amazon-clone\\\\functions\\\\node_modules\\\\firebase-admin\\\\lib\\\\index.js\"}}"}}
[debug] [2020-10-05T15:08:09.081Z] [runtime-status] [29632] Trigger "api" has been found, beginning invocation! {"metadata":{"emulator":{"name":"functions"},"function":{"name":"api"},"message":"[runtime-status] [29632] Trigger \"api\" has been found, beginning invocation!"}}
[info] i  functions: Beginning execution of "api" {"metadata":{"emulator":{"name":"functions"},"function":{"name":"api"},"message":"Beginning execution of \"api\""}}
[debug] [2020-10-05T15:08:09.081Z] [runtime-status] [29632] triggerDefinition {"httpsTrigger":{},"name":"api","entryPoint":"api"} {"metadata":{"emulator":{"name":"functions"},"function":{"name":"api"},"message":"[runtime-status] [29632] triggerDefinition {\"httpsTrigger\":{},\"name\":\"api\",\"entryPoint\":\"api\"}"}}
[debug] [2020-10-05T15:08:09.081Z] [runtime-status] [29632] Running api in mode HTTPS {"metadata":{"emulator":{"name":"functions"},"function":{"name":"api"},"message":"[runtime-status] [29632] Running api in mode HTTPS"}}
[debug] [2020-10-05T15:08:09.084Z] [runtime-status] [29632] Attempting to listen to socketPath: \\?\pipe\C:\My Workspace\Personal Projects\React Practice\Clever Programmer\amazon-clone\functions\29632 {"metadata":{"emulator":{"name":"functions"},"function":{"name":"api"},"message":"[runtime-status] [29632] Attempting to listen to socketPath: \\\\?\\pipe\\C:\\My Workspace\\Personal Projects\\React Practice\\Clever Programmer\\amazon-clone\\functions\\29632"}}
[debug] [2020-10-05T15:08:09.087Z] [functions] Runtime ready! Sending request! {"metadata":{"emulator":{"name":"functions"},"message":"[functions] Runtime ready! Sending request!"}}
[debug] [2020-10-05T15:08:09.094Z] [runtime-status] [29632] Ephemeral server handling OPTIONS request {"metadata":{"emulator":{"name":"functions"},"function":{"name":"api"},"message":"[runtime-status] [29632] Ephemeral server handling OPTIONS request"}}
[debug] [2020-10-05T15:08:09.098Z] [runtime-status] [29632] Ephemeral server survived. {"metadata":{"emulator":{"name":"functions"},"function":{"name":"api"},"message":"[runtime-status] [29632] Ephemeral server survived."}}
[info] i  functions: Finished "api" in ~1s {"metadata":{"emulator":{"name":"functions"},"function":{"name":"api"},"message":"Finished \"api\" in ~1s"}}
[debug] [2020-10-05T15:08:09.099Z] [worker-api-98aba363-782e-45be-a92b-39fe1610c07d]: IDLE {"metadata":{"emulator":{"name":"functions"},"message":"[worker-api-98aba363-782e-45be-a92b-39fe1610c07d]: IDLE"}}
[debug] [2020-10-05T15:08:09.100Z] [work-queue] {"queueLength":0,"workRunningCount":0}
[debug] [2020-10-05T15:08:09.101Z] [work-queue] {"queueLength":1,"workRunningCount":0}
[debug] [2020-10-05T15:08:09.101Z] [work-queue] {"queueLength":0,"workRunningCount":1}
[debug] [2020-10-05T15:08:09.102Z] Accepted request POST /clone-23a9e/us-central1/api/payments/create?total=159172 --> api
[debug] [2020-10-05T15:08:09.102Z] [worker-pool] submitWork(triggerId=api) {"metadata":{"emulator":{"name":"functions"},"message":"[worker-pool] submitWork(triggerId=api)"}}
[debug] [2020-10-05T15:08:09.102Z] [worker-api-98aba363-782e-45be-a92b-39fe1610c07d]: Assigning socketPath: \\?\pipe\C:\My Workspace\Personal Projects\React Practice\Clever Programmer\amazon-clone\functions\29632 {"metadata":{"emulator":{"name":"functions"},"message":"[worker-api-98aba363-782e-45be-a92b-39fe1610c07d]: Assigning socketPath: \\\\?\\pipe\\C:\\My Workspace\\Personal Projects\\React Practice\\Clever Programmer\\amazon-clone\\functions\\29632"}}
[debug] [2020-10-05T15:08:09.102Z] [worker-api-98aba363-782e-45be-a92b-39fe1610c07d]: BUSY {"metadata":{"emulator":{"name":"functions"},"message":"[worker-api-98aba363-782e-45be-a92b-39fe1610c07d]: BUSY"}}
[debug] [2020-10-05T15:08:09.109Z] [runtime-status] [29632] Trigger "api" has been found, beginning invocation! {"metadata":{"emulator":{"name":"functions"},"function":{"name":"api"},"message":"[runtime-status] [29632] Trigger \"api\" has been found, beginning invocation!"}}
[info] i  functions: Beginning execution of "api" {"metadata":{"emulator":{"name":"functions"},"function":{"name":"api"},"message":"Beginning execution of \"api\""}}
[debug] [2020-10-05T15:08:09.109Z] [runtime-status] [29632] triggerDefinition {"httpsTrigger":{},"name":"api","entryPoint":"api"} {"metadata":{"emulator":{"name":"functions"},"function":{"name":"api"},"message":"[runtime-status] [29632] triggerDefinition {\"httpsTrigger\":{},\"name\":\"api\",\"entryPoint\":\"api\"}"}}
[debug] [2020-10-05T15:08:09.109Z] [runtime-status] [29632] Running api in mode HTTPS {"metadata":{"emulator":{"name":"functions"},"function":{"name":"api"},"message":"[runtime-status] [29632] Running api in mode HTTPS"}}
[debug] [2020-10-05T15:08:09.109Z] [runtime-status] [29632] Attempting to listen to socketPath: \\?\pipe\C:\My Workspace\Personal Projects\React Practice\Clever Programmer\amazon-clone\functions\29632 {"metadata":{"emulator":{"name":"functions"},"function":{"name":"api"},"message":"[runtime-status] [29632] Attempting to listen to socketPath: \\\\?\\pipe\\C:\\My Workspace\\Personal Projects\\React Practice\\Clever Programmer\\amazon-clone\\functions\\29632"}}
[debug] [2020-10-05T15:08:09.110Z] [functions] Runtime ready! Sending request! {"metadata":{"emulator":{"name":"functions"},"message":"[functions] Runtime ready! Sending request!"}}
[debug] [2020-10-05T15:08:09.123Z] [runtime-status] [29632] Ephemeral server handling POST request {"metadata":{"emulator":{"name":"functions"},"function":{"name":"api"},"message":"[runtime-status] [29632] Ephemeral server handling POST request"}}
[debug] [2020-10-05T15:08:09.359Z] [runtime-status] [29632] Ephemeral server survived. {"metadata":{"emulator":{"name":"functions"},"function":{"name":"api"},"message":"[runtime-status] [29632] Ephemeral server survived."}}
[info] i  functions: Finished "api" in ~1s {"metadata":{"emulator":{"name":"functions"},"function":{"name":"api"},"message":"Finished \"api\" in ~1s"}}
[debug] [2020-10-05T15:08:10.518Z] [worker-api-98aba363-782e-45be-a92b-39fe1610c07d]: IDLE {"metadata":{"emulator":{"name":"functions"},"message":"[worker-api-98aba363-782e-45be-a92b-39fe1610c07d]: IDLE"}}
[debug] [2020-10-05T15:08:10.518Z] [work-queue] {"queueLength":0,"workRunningCount":0}
[debug] [2020-10-05T15:08:16.335Z] [work-queue] {"queueLength":1,"workRunningCount":0}
[debug] [2020-10-05T15:08:16.336Z] [work-queue] {"queueLength":0,"workRunningCount":1}
[debug] [2020-10-05T15:08:16.336Z] Accepted request OPTIONS /clone-23a9e/us-central1/api/payments/create?total=159172 --> api
[debug] [2020-10-05T15:08:16.336Z] [worker-pool] submitWork(triggerId=api) {"metadata":{"emulator":{"name":"functions"},"message":"[worker-pool] submitWork(triggerId=api)"}}
[debug] [2020-10-05T15:08:16.336Z] [worker-api-98aba363-782e-45be-a92b-39fe1610c07d]: Assigning socketPath: \\?\pipe\C:\My Workspace\Personal Projects\React Practice\Clever Programmer\amazon-clone\functions\29632 {"metadata":{"emulator":{"name":"functions"},"message":"[worker-api-98aba363-782e-45be-a92b-39fe1610c07d]: Assigning socketPath: \\\\?\\pipe\\C:\\My Workspace\\Personal Projects\\React Practice\\Clever Programmer\\amazon-clone\\functions\\29632"}}
[debug] [2020-10-05T15:08:16.336Z] [worker-api-98aba363-782e-45be-a92b-39fe1610c07d]: BUSY {"metadata":{"emulator":{"name":"functions"},"message":"[worker-api-98aba363-782e-45be-a92b-39fe1610c07d]: BUSY"}}
[debug] [2020-10-05T15:08:16.337Z] [runtime-status] [29632] Trigger "api" has been found, beginning invocation! {"metadata":{"emulator":{"name":"functions"},"function":{"name":"api"},"message":"[runtime-status] [29632] Trigger \"api\" has been found, beginning invocation!"}}
[info] i  functions: Beginning execution of "api" {"metadata":{"emulator":{"name":"functions"},"function":{"name":"api"},"message":"Beginning execution of \"api\""}}
[debug] [2020-10-05T15:08:16.338Z] [runtime-status] [29632] triggerDefinition {"httpsTrigger":{},"name":"api","entryPoint":"api"} {"metadata":{"emulator":{"name":"functions"},"function":{"name":"api"},"message":"[runtime-status] [29632] triggerDefinition {\"httpsTrigger\":{},\"name\":\"api\",\"entryPoint\":\"api\"}"}}
[debug] [2020-10-05T15:08:16.338Z] [runtime-status] [29632] Running api in mode HTTPS {"metadata":{"emulator":{"name":"functions"},"function":{"name":"api"},"message":"[runtime-status] [29632] Running api in mode HTTPS"}}
[debug] [2020-10-05T15:08:16.338Z] [runtime-status] [29632] Attempting to listen to socketPath: \\?\pipe\C:\My Workspace\Personal Projects\React Practice\Clever Programmer\amazon-clone\functions\29632 {"metadata":{"emulator":{"name":"functions"},"function":{"name":"api"},"message":"[runtime-status] [29632] Attempting to listen to socketPath: \\\\?\\pipe\\C:\\My Workspace\\Personal Projects\\React Practice\\Clever Programmer\\amazon-clone\\functions\\29632"}}
[debug] [2020-10-05T15:08:16.344Z] [functions] Runtime ready! Sending request! {"metadata":{"emulator":{"name":"functions"},"message":"[functions] Runtime ready! Sending request!"}}
[debug] [2020-10-05T15:08:16.347Z] [runtime-status] [29632] Ephemeral server handling OPTIONS request {"metadata":{"emulator":{"name":"functions"},"function":{"name":"api"},"message":"[runtime-status] [29632] Ephemeral server handling OPTIONS request"}}
[debug] [2020-10-05T15:08:16.348Z] [runtime-status] [29632] Ephemeral server survived. {"metadata":{"emulator":{"name":"functions"},"function":{"name":"api"},"message":"[runtime-status] [29632] Ephemeral server survived."}}
[info] i  functions: Finished "api" in ~1s {"metadata":{"emulator":{"name":"functions"},"function":{"name":"api"},"message":"Finished \"api\" in ~1s"}}
[debug] [2020-10-05T15:08:16.350Z] [worker-api-98aba363-782e-45be-a92b-39fe1610c07d]: IDLE {"metadata":{"emulator":{"name":"functions"},"message":"[worker-api-98aba363-782e-45be-a92b-39fe1610c07d]: IDLE"}}
[debug] [2020-10-05T15:08:16.350Z] [work-queue] {"queueLength":0,"workRunningCount":0}
[debug] [2020-10-05T15:08:16.356Z] [work-queue] {"queueLength":1,"workRunningCount":0}
[debug] [2020-10-05T15:08:16.356Z] [work-queue] {"queueLength":0,"workRunningCount":1}
[debug] [2020-10-05T15:08:16.357Z] Accepted request POST /clone-23a9e/us-central1/api/payments/create?total=159172 --> api
[debug] [2020-10-05T15:08:16.357Z] [worker-pool] submitWork(triggerId=api) {"metadata":{"emulator":{"name":"functions"},"message":"[worker-pool] submitWork(triggerId=api)"}}
[debug] [2020-10-05T15:08:16.357Z] [worker-api-98aba363-782e-45be-a92b-39fe1610c07d]: Assigning socketPath: \\?\pipe\C:\My Workspace\Personal Projects\React Practice\Clever Programmer\amazon-clone\functions\29632 {"metadata":{"emulator":{"name":"functions"},"message":"[worker-api-98aba363-782e-45be-a92b-39fe1610c07d]: Assigning socketPath: \\\\?\\pipe\\C:\\My Workspace\\Personal Projects\\React Practice\\Clever Programmer\\amazon-clone\\functions\\29632"}}
[debug] [2020-10-05T15:08:16.357Z] [worker-api-98aba363-782e-45be-a92b-39fe1610c07d]: BUSY {"metadata":{"emulator":{"name":"functions"},"message":"[worker-api-98aba363-782e-45be-a92b-39fe1610c07d]: BUSY"}}
[debug] [2020-10-05T15:08:16.360Z] [runtime-status] [29632] Trigger "api" has been found, beginning invocation! {"metadata":{"emulator":{"name":"functions"},"function":{"name":"api"},"message":"[runtime-status] [29632] Trigger \"api\" has been found, beginning invocation!"}}
[info] i  functions: Beginning execution of "api" {"metadata":{"emulator":{"name":"functions"},"function":{"name":"api"},"message":"Beginning execution of \"api\""}}
[debug] [2020-10-05T15:08:16.360Z] [runtime-status] [29632] triggerDefinition {"httpsTrigger":{},"name":"api","entryPoint":"api"} {"metadata":{"emulator":{"name":"functions"},"function":{"name":"api"},"message":"[runtime-status] [29632] triggerDefinition {\"httpsTrigger\":{},\"name\":\"api\",\"entryPoint\":\"api\"}"}}
[debug] [2020-10-05T15:08:16.360Z] [runtime-status] [29632] Running api in mode HTTPS {"metadata":{"emulator":{"name":"functions"},"function":{"name":"api"},"message":"[runtime-status] [29632] Running api in mode HTTPS"}}
[debug] [2020-10-05T15:08:16.361Z] [runtime-status] [29632] Attempting to listen to socketPath: \\?\pipe\C:\My Workspace\Personal Projects\React Practice\Clever Programmer\amazon-clone\functions\29632 {"metadata":{"emulator":{"name":"functions"},"function":{"name":"api"},"message":"[runtime-status] [29632] Attempting to listen to socketPath: \\\\?\\pipe\\C:\\My Workspace\\Personal Projects\\React Practice\\Clever Programmer\\amazon-clone\\functions\\29632"}}
[debug] [2020-10-05T15:08:16.362Z] [functions] Runtime ready! Sending request! {"metadata":{"emulator":{"name":"functions"},"message":"[functions] Runtime ready! Sending request!"}}
[debug] [2020-10-05T15:08:16.364Z] [runtime-status] [29632] Ephemeral server handling POST request {"metadata":{"emulator":{"name":"functions"},"function":{"name":"api"},"message":"[runtime-status] [29632] Ephemeral server handling POST request"}}
[debug] [2020-10-05T15:08:16.365Z] [runtime-status] [29632] Ephemeral server survived. {"metadata":{"emulator":{"name":"functions"},"function":{"name":"api"},"message":"[runtime-status] [29632] Ephemeral server survived."}}
[info] i  functions: Finished "api" in ~1s {"metadata":{"emulator":{"name":"functions"},"function":{"name":"api"},"message":"Finished \"api\" in ~1s"}}
[debug] [2020-10-05T15:08:16.812Z] [worker-api-98aba363-782e-45be-a92b-39fe1610c07d]: IDLE {"metadata":{"emulator":{"name":"functions"},"message":"[worker-api-98aba363-782e-45be-a92b-39fe1610c07d]: IDLE"}}
[debug] [2020-10-05T15:08:16.812Z] [work-queue] {"queueLength":0,"workRunningCount":0}
